This is XeTeX, Version 3.141592653-2.6-0.999993 (TeX Live 2021) (preloaded format=xelatex 2021.12.23)  9 JAN 2026 16:25
entering extended mode
 restricted \write18 enabled.
 file:line:error style messages enabled.
 %&-line parsing enabled.
**15-why-care.md
(./15-why-care.md
LaTeX2e <2021-11-15> patch level 1
L3 programming layer <2021-11-22>
./15-why-care.md:1: You can't use `macro parameter character #' in vertical mod
e.
l.1 #
      Why do we care about this?
? 
./15-why-care.md:1: Emergency stop.
l.1 #
      Why do we care about this?
End of file on the terminal!

 
Here is how much of TeX's memory you used:
 16 strings out of 476257
 314 string characters out of 5811149
 305121 words of memory out of 5000000
 20788 multiletter control sequences out of 15000+600000
 403430 words of font info for 27 fonts, out of 8000000 for 9000
 1348 hyphenation exceptions out of 8191
 12i,0n,12p,74b,10s stack positions out of 5000i,500n,10000p,200000b,80000s
No pages of output.
